Build started 13.06.2016 17:53:53.
     1>Project "D:\VS Projects\Projects\Exam 13_06\Exam 13_06\Exam 13_06.vcxproj" on node 2 (Build target(s)).
     1>ClCompile:
         D:\Visual Studiu 2013\VC\bin\CL.exe /c /ZI /nologo /W3 /WX- /Od /Oy- /D WIN32 /D _DEBUG /D _CONSOLE /D _LIB /D _UNICODE /D UNICODE /Gm /EHsc /RTC1 /MDd /GS /fp:precise /Zc:wchar_t /Zc:forScope /Fo"Debug\\" /Fd"Debug\vc120.pdb" /Gd /TP /analyze- /errorReport:prompt Source.cpp
         Source.cpp
     1>d:\vs projects\projects\exam 13_06\exam 13_06\data.h(115): warning C4996: 'strcpy': This function or variable may be unsafe. Consider using strcpy_s instead. To disable deprecation, use _CRT_SECURE_NO_WARNINGS. See online help for details.
                 d:\visual studiu 2013\vc\include\string.h(112) : see declaration of 'strcpy'
     1>d:\vs projects\projects\exam 13_06\exam 13_06\data.h(116): warning C4996: 'strcpy': This function or variable may be unsafe. Consider using strcpy_s instead. To disable deprecation, use _CRT_SECURE_NO_WARNINGS. See online help for details.
                 d:\visual studiu 2013\vc\include\string.h(112) : see declaration of 'strcpy'
     1>d:\vs projects\projects\exam 13_06\exam 13_06\data.h(124): warning C4996: 'strcpy': This function or variable may be unsafe. Consider using strcpy_s instead. To disable deprecation, use _CRT_SECURE_NO_WARNINGS. See online help for details.
                 d:\visual studiu 2013\vc\include\string.h(112) : see declaration of 'strcpy'
     1>d:\vs projects\projects\exam 13_06\exam 13_06\data.h(125): warning C4996: 'strcpy': This function or variable may be unsafe. Consider using strcpy_s instead. To disable deprecation, use _CRT_SECURE_NO_WARNINGS. See online help for details.
                 d:\visual studiu 2013\vc\include\string.h(112) : see declaration of 'strcpy'
     1>d:\vs projects\projects\exam 13_06\exam 13_06\data.h(137): warning C4996: 'strcpy': This function or variable may be unsafe. Consider using strcpy_s instead. To disable deprecation, use _CRT_SECURE_NO_WARNINGS. See online help for details.
                 d:\visual studiu 2013\vc\include\string.h(112) : see declaration of 'strcpy'
     1>d:\vs projects\projects\exam 13_06\exam 13_06\data.h(138): warning C4996: 'strcpy': This function or variable may be unsafe. Consider using strcpy_s instead. To disable deprecation, use _CRT_SECURE_NO_WARNINGS. See online help for details.
                 d:\visual studiu 2013\vc\include\string.h(112) : see declaration of 'strcpy'
     1>d:\vs projects\projects\exam 13_06\exam 13_06\data.h(96): warning C4715: 'Data<Fanat1>::operator[]' : not all control paths return a value
     1>d:\vs projects\projects\exam 13_06\exam 13_06\data.h(96): warning C4715: 'Data<Fanat2>::operator[]' : not all control paths return a value
       Link:
         D:\Visual Studiu 2013\VC\bin\link.exe /ERRORREPORT:PROMPT /OUT:"D:\VS Projects\Projects\Exam 13_06\Debug\Exam 13_06.exe" /INCREMENTAL /NOLOGO kernel32.lib user32.lib gdi32.lib winspool.lib comdlg32.lib advapi32.lib shell32.lib ole32.lib oleaut32.lib uuid.lib odbc32.lib odbccp32.lib /MANIFEST /MANIFESTUAC:"level='asInvoker' uiAccess='false'" /manifest:embed /DEBUG /PDB:"D:\VS Projects\Projects\Exam 13_06\Debug\Exam 13_06.pdb" /SUBSYSTEM:CONSOLE /TLBID:1 /DYNAMICBASE /NXCOMPAT /IMPLIB:"D:\VS Projects\Projects\Exam 13_06\Debug\Exam 13_06.lib" /MACHINE:X86 Debug\Fanat1.obj
         Debug\Fanat2.obj
         Debug\Fanat3.obj
         Debug\Source.obj
         Exam 13_06.vcxproj -> D:\VS Projects\Projects\Exam 13_06\Debug\Exam 13_06.exe
     1>Done Building Project "D:\VS Projects\Projects\Exam 13_06\Exam 13_06\Exam 13_06.vcxproj" (Build target(s)).

Build succeeded.

Time Elapsed 00:00:01.03
