Build started 03.06.2016 9:05:45.
     1>Project "D:\VS Projects\Projects\Sem2_Clumbs\Sem2_Clumbs\Sem2_Clumbs.vcxproj" on node 2 (Build target(s)).
     1>ClCompile:
         D:\Visual Studiu 2013\VC\bin\CL.exe /c /ZI /nologo /W3 /WX- /Od /Oy- /D WIN32 /D _DEBUG /D _CONSOLE /D _LIB /D _UNICODE /D UNICODE /Gm /EHsc /RTC1 /MDd /GS /fp:precise /Zc:wchar_t /Zc:forScope /Fo"Debug\\" /Fd"Debug\vc120.pdb" /Gd /TP /analyze- /errorReport:prompt Clumbs.cpp Main.cpp
         Main.cpp
         Clumbs.cpp
     1>d:\vs projects\projects\sem2_clumbs\sem2_clumbs\clumbs.cpp(28): warning C4996: 'strtok': This function or variable may be unsafe. Consider using strtok_s instead. To disable deprecation, use _CRT_SECURE_NO_WARNINGS. See online help for details.
                 d:\visual studiu 2013\vc\include\string.h(204) : see declaration of 'strtok'
     1>d:\vs projects\projects\sem2_clumbs\sem2_clumbs\clumbs.cpp(30): warning C4996: 'strtok': This function or variable may be unsafe. Consider using strtok_s instead. To disable deprecation, use _CRT_SECURE_NO_WARNINGS. See online help for details.
                 d:\visual studiu 2013\vc\include\string.h(204) : see declaration of 'strtok'
     1>d:\vs projects\projects\sem2_clumbs\sem2_clumbs\clumbs.cpp(32): warning C4996: 'strtok': This function or variable may be unsafe. Consider using strtok_s instead. To disable deprecation, use _CRT_SECURE_NO_WARNINGS. See online help for details.
                 d:\visual studiu 2013\vc\include\string.h(204) : see declaration of 'strtok'
     1>d:\vs projects\projects\sem2_clumbs\sem2_clumbs\clumbs.cpp(36): warning C4996: 'strtok': This function or variable may be unsafe. Consider using strtok_s instead. To disable deprecation, use _CRT_SECURE_NO_WARNINGS. See online help for details.
                 d:\visual studiu 2013\vc\include\string.h(204) : see declaration of 'strtok'
         Generating Code...
       Link:
         D:\Visual Studiu 2013\VC\bin\link.exe /ERRORREPORT:PROMPT /OUT:"D:\VS Projects\Projects\Sem2_Clumbs\Debug\Sem2_Clumbs.exe" /INCREMENTAL /NOLOGO kernel32.lib user32.lib gdi32.lib winspool.lib comdlg32.lib advapi32.lib shell32.lib ole32.lib oleaut32.lib uuid.lib odbc32.lib odbccp32.lib /MANIFEST /MANIFESTUAC:"level='asInvoker' uiAccess='false'" /manifest:embed /DEBUG /PDB:"D:\VS Projects\Projects\Sem2_Clumbs\Debug\Sem2_Clumbs.pdb" /SUBSYSTEM:CONSOLE /TLBID:1 /DYNAMICBASE /NXCOMPAT /IMPLIB:"D:\VS Projects\Projects\Sem2_Clumbs\Debug\Sem2_Clumbs.lib" /MACHINE:X86 Debug\Clumbs.obj
         Debug\Main.obj
         Sem2_Clumbs.vcxproj -> D:\VS Projects\Projects\Sem2_Clumbs\Debug\Sem2_Clumbs.exe
     1>Done Building Project "D:\VS Projects\Projects\Sem2_Clumbs\Sem2_Clumbs\Sem2_Clumbs.vcxproj" (Build target(s)).

Build succeeded.

Time Elapsed 00:00:02.04
