Build started 08.06.2016 12:25:30.
     1>Project "D:\VS Projects\Projects\Sem2_Lab9_MFC\Sem2_Lab9_MFC\Sem2_Lab9_MFC.vcxproj" on node 2 (Build target(s)).
     1>ClCompile:
         D:\Visual Studiu 2013\VC\bin\CL.exe /c /ZI /nologo /W3 /WX- /sdl /Od /Oy- /D WIN32 /D _WINDOWS /D _DEBUG /D _CRT_SECURE_NO_WARNINGS /D _UNICODE /D UNICODE /Gm /EHsc /RTC1 /MTd /GS /fp:precise /Zc:wchar_t /Zc:forScope /Yu"stdafx.h" /Fp"Debug\Sem2_Lab9_MFC.pch" /Fo"Debug\\" /Fd"Debug\vc120.pdb" /Gd /TP /analyze- /errorReport:prompt Sem2_Lab9_MFCDlg.cpp
         Sem2_Lab9_MFCDlg.cpp
     1>d:\vs projects\projects\sem2_lab9_mfc\sem2_lab9_mfc\sem2_lab9_mfcdlg.cpp(100): warning C4101: 'A4' : unreferenced local variable
       Link:
         D:\Visual Studiu 2013\VC\bin\link.exe /ERRORREPORT:PROMPT /OUT:"D:\VS Projects\Projects\Sem2_Lab9_MFC\Debug\Sem2_Lab9_MFC.exe" /INCREMENTAL /NOLOGO /MANIFEST /MANIFESTUAC:"level='asInvoker' uiAccess='false'" /manifest:embed /manifestinput:"D:\Visual Studiu 2013\VC\Include\Manifest\dpiaware.manifest" /DEBUG /PDB:"D:\VS Projects\Projects\Sem2_Lab9_MFC\Debug\Sem2_Lab9_MFC.pdb" /SUBSYSTEM:WINDOWS /TLBID:1 /ENTRY:"wWinMainCRTStartup" /DYNAMICBASE /NXCOMPAT /IMPLIB:"D:\VS Projects\Projects\Sem2_Lab9_MFC\Debug\Sem2_Lab9_MFC.lib" /MACHINE:X86 Debug\Sem2_Lab9_MFC.res
         Debug\ABS_LIB.obj
         Debug\S1.obj
         Debug\S2.obj
         Debug\S3.obj
         Debug\Sem2_Lab9_MFC.obj
         Debug\Sem2_Lab9_MFCDlg.obj
         Debug\stdafx.obj
         Debug\Stud1.obj
         Debug\Stud2.obj
         Debug\Stud3.obj
         Sem2_Lab9_MFC.vcxproj -> D:\VS Projects\Projects\Sem2_Lab9_MFC\Debug\Sem2_Lab9_MFC.exe
     1>Done Building Project "D:\VS Projects\Projects\Sem2_Lab9_MFC\Sem2_Lab9_MFC\Sem2_Lab9_MFC.vcxproj" (Build target(s)).

Build succeeded.

Time Elapsed 00:00:23.68
